<?xml version="1.0" encoding="UTF-8"?>
<testsuite name="com.example.sp_jpa01.SpJpa01ApplicationTests" tests="1" skipped="0" failures="0" errors="0" timestamp="2023-12-14T07:09:28" hostname="DESKTOP-GMA2F83" time="0.555">
  <properties/>
  <testcase name="list()" classname="com.example.sp_jpa01.SpJpa01ApplicationTests" time="0.555"/>
  <system-out><![CDATA[16:09:24.737 [Test worker] INFO org.springframework.test.context.support.AnnotationConfigContextLoaderUtils -- Could not detect default configuration classes for test class [com.example.sp_jpa01.SpJpa01ApplicationTests]: SpJpa01ApplicationTests does not declare any static, non-private, non-final, nested classes annotated with @Configuration.
16:09:24.839 [Test worker] INFO org.springframework.boot.test.context.SpringBootTestContextBootstrapper -- Found @SpringBootConfiguration com.example.sp_jpa01.SpJpa01Application for test class com.example.sp_jpa01.SpJpa01ApplicationTests

  .   ____          _            __ _ _
 /\\ / ___'_ __ _ _(_)_ __  __ _ \ \ \ \
( ( )\___ | '_ | '_| | '_ \/ _` | \ \ \ \
 \\/  ___)| |_)| | | | | || (_| |  ) ) ) )
  '  |____| .__|_| |_|_| |_\__, | / / / /
 =========|_|==============|___/=/_/_/_/
 :: Spring Boot ::                (v3.2.0)

2023-12-14T16:09:25.241+09:00  INFO 7368 --- [    Test worker] c.e.sp_jpa01.SpJpa01ApplicationTests     : Starting SpJpa01ApplicationTests using Java 17.0.8 with PID 7368 (started by it in C:\pjm\spring_boot\sp_jpa01)
2023-12-14T16:09:25.242+09:00  INFO 7368 --- [    Test worker] c.e.sp_jpa01.SpJpa01ApplicationTests     : No active profile set, falling back to 1 default profile: "default"
2023-12-14T16:09:25.955+09:00  INFO 7368 --- [    Test worker] .s.d.r.c.RepositoryConfigurationDelegate : Bootstrapping Spring Data JPA repositories in DEFAULT mode.
2023-12-14T16:09:26.006+09:00  INFO 7368 --- [    Test worker] .s.d.r.c.RepositoryConfigurationDelegate : Finished Spring Data repository scanning in 42 ms. Found 1 JPA repository interface.
2023-12-14T16:09:26.529+09:00  INFO 7368 --- [    Test worker] o.hibernate.jpa.internal.util.LogHelper  : HHH000204: Processing PersistenceUnitInfo [name: default]
2023-12-14T16:09:26.608+09:00  INFO 7368 --- [    Test worker] org.hibernate.Version                    : HHH000412: Hibernate ORM core version 6.3.1.Final
2023-12-14T16:09:26.657+09:00  INFO 7368 --- [    Test worker] o.h.c.internal.RegionFactoryInitiator    : HHH000026: Second-level cache disabled
2023-12-14T16:09:26.910+09:00  INFO 7368 --- [    Test worker] o.s.o.j.p.SpringPersistenceUnitInfo      : No LoadTimeWeaver setup: ignoring JPA class transformer
2023-12-14T16:09:26.937+09:00  INFO 7368 --- [    Test worker] com.zaxxer.hikari.HikariDataSource       : HikariPool-1 - Starting...
2023-12-14T16:09:27.093+09:00  INFO 7368 --- [    Test worker] com.zaxxer.hikari.pool.HikariPool        : HikariPool-1 - Added connection com.mysql.cj.jdbc.ConnectionImpl@380fdcf2
2023-12-14T16:09:27.095+09:00  INFO 7368 --- [    Test worker] com.zaxxer.hikari.HikariDataSource       : HikariPool-1 - Start completed.
2023-12-14T16:09:27.901+09:00  INFO 7368 --- [    Test worker] o.h.e.t.j.p.i.JtaPlatformInitiator       : HHH000489: No JTA platform available (set 'hibernate.transaction.jta.platform' to enable JTA platform integration)
2023-12-14T16:09:27.938+09:00  INFO 7368 --- [    Test worker] j.LocalContainerEntityManagerFactoryBean : Initialized JPA EntityManagerFactory for persistence unit 'default'
2023-12-14T16:09:28.271+09:00  WARN 7368 --- [    Test worker] JpaBaseConfiguration$JpaWebConfiguration : spring.jpa.open-in-view is enabled by default. Therefore, database queries may be performed during view rendering. Explicitly configure spring.jpa.open-in-view to disable this warning
2023-12-14T16:09:28.692+09:00  INFO 7368 --- [    Test worker] c.e.sp_jpa01.SpJpa01ApplicationTests     : Started SpJpa01ApplicationTests in 3.667 seconds (process running for 4.711)
Hibernate: 
    select
        b1_0.bno,
        b1_0.content,
        b1_0.postdate,
        b1_0.title,
        b1_0.visitcount,
        b1_0.writer 
    from
        tbl_board b1_0
2023-12-14T16:09:29.253+09:00  INFO 7368 --- [    Test worker] c.e.sp_jpa01.SpJpa01ApplicationTests     : Board(bno=1, title=title, content=content, writer=user00, visitcount=0, postdate=null)
2023-12-14T16:09:29.254+09:00  INFO 7368 --- [    Test worker] c.e.sp_jpa01.SpJpa01ApplicationTests     : Board(bno=2, title=title, content=content, writer=user00, visitcount=0, postdate=2023-12-14 15:35:31.396459)
2023-12-14T16:09:29.254+09:00  INFO 7368 --- [    Test worker] c.e.sp_jpa01.SpJpa01ApplicationTests     : Board(bno=3, title=title, content=content, writer=user00, visitcount=0, postdate=2023-12-14 15:36:39.717987)
]]></system-out>
  <system-err><![CDATA[]]></system-err>
</testsuite>
