<?xml version="1.0" encoding="UTF-8"?>
<testsuite name="org.pjm.springexam02.DBConnectionTest" tests="1" skipped="0" failures="0" errors="0" timestamp="2023-11-30T04:39:43" hostname="DESKTOP-GMA2F83" time="0.035">
  <properties/>
  <testcase name="testConnect()" classname="org.pjm.springexam02.DBConnectionTest" time="0.035"/>
  <system-out><![CDATA[01:39:42  INFO [org.springframework.test.context.support.DefaultTestContextBootstrapper] Loaded default TestExecutionListener class names from location [META-INF/spring.factories]: [org.springframework.test.context.web.ServletTestExecutionListener, org.springframework.test.context.support.DirtiesContextBeforeModesTestExecutionListener, org.springframework.test.context.event.ApplicationEventsTestExecutionListener, org.springframework.test.context.support.DependencyInjectionTestExecutionListener, org.springframework.test.context.support.DirtiesContextTestExecutionListener, org.springframework.test.context.transaction.TransactionalTestExecutionListener, org.springframework.test.context.jdbc.SqlScriptsTestExecutionListener, org.springframework.test.context.event.EventPublishingTestExecutionListener]
01:39:42  INFO [org.springframework.test.context.support.DefaultTestContextBootstrapper] Using TestExecutionListeners: [org.springframework.test.context.support.DirtiesContextBeforeModesTestExecutionListener@60afd40d, org.springframework.test.context.event.ApplicationEventsTestExecutionListener@28a2a3e7, org.springframework.test.context.support.DependencyInjectionTestExecutionListener@3f2049b6, org.springframework.test.context.support.DirtiesContextTestExecutionListener@10b3df93, org.springframework.test.context.event.EventPublishingTestExecutionListener@ea27e34]
01:39:43  INFO [com.zaxxer.hikari.HikariDataSource] HikariPool-1 - Starting...
01:39:43  INFO [com.zaxxer.hikari.pool.HikariPool] HikariPool-1 - Added connection com.mysql.cj.jdbc.ConnectionImpl@53a665ad
01:39:43  INFO [com.zaxxer.hikari.HikariDataSource] HikariPool-1 - Start completed.
01:39:43  INFO [org.pjm.springexam02.DBConnectionTest] HikariProxyConnection@1728924984 wrapping com.mysql.cj.jdbc.ConnectionImpl@53a665ad
]]></system-out>
  <system-err><![CDATA[]]></system-err>
</testsuite>
